2023-12-07 23:14:30.543  INFO 19548 --- [main] c.t.r.Application                        : Starting Application on 张俊 with PID 19548 (D:\wks-platform\BigData\RuleEngineServer\target\classes started by musju in D:\wks-platform\BigData\RuleEngineServer)
2023-12-07 23:14:30.546  INFO 19548 --- [main] c.t.r.Application                        : No active profile set, falling back to default profiles: default
2023-12-07 23:14:30.930  WARN 19548 --- [main] o.m.s.m.ClassPathMapperScanner           : No MyBatis mapper was found in '[cn.tongdun.rule]' package. Please check your configuration.
2023-12-07 23:14:31.024  INFO 19548 --- [main] trationDelegate$BeanPostProcessorChecker : Bean 'org.springframework.transaction.annotation.ProxyTransactionManagementConfiguration' of type [org.springframework.transaction.annotation.ProxyTransactionManagementConfiguration$$EnhancerBySpringCGLIB$$973a4bef] is not eligible for getting processed by all BeanPostProcessors (for example: not eligible for auto-proxying)
2023-12-07 23:14:31.172  INFO 19548 --- [main] o.s.b.w.e.t.TomcatWebServer              : Tomcat initialized with port(s): 8888 (http)
2023-12-07 23:14:31.183  INFO 19548 --- [main] o.a.c.c.StandardService                  : Starting service [Tomcat]
2023-12-07 23:14:31.183  INFO 19548 --- [main] o.a.c.c.StandardEngine                   : Starting Servlet engine: [Apache Tomcat/9.0.17]
2023-12-07 23:14:31.256  INFO 19548 --- [main] o.a.c.c.C.[.[.[/]                        : Initializing Spring embedded WebApplicationContext
2023-12-07 23:14:31.257  INFO 19548 --- [main] o.s.w.c.ContextLoader                    : Root WebApplicationContext: initialization completed in 694 ms
2023-12-07 23:14:31.867  WARN 19548 --- [main] ConfigServletWebServerApplicationContext : Exception encountered during context initialization - cancelling refresh attempt: org.springframework.beans.factory.BeanCreationException: Error creating bean with name 'hugeClient' defined in class path resource [cn/tongdun/rule/config/HugegraphConfig.class]: Bean instantiation via factory method failed; nested exception is org.springframework.beans.BeanInstantiationException: Failed to instantiate [org.apache.hugegraph.driver.HugeClient]: Factory method 'hugeClient' threw exception; nested exception is java.lang.NoClassDefFoundError: jakarta/ws/rs/ProcessingException
2023-12-07 23:14:31.869  INFO 19548 --- [main] o.a.c.c.StandardService                  : Stopping service [Tomcat]
2023-12-07 23:14:31.874  INFO 19548 --- [main] ConditionEvaluationReportLoggingListener : 

Error starting ApplicationContext. To display the conditions report re-run your application with 'debug' enabled.
2023-12-07 23:14:31.877 ERROR 19548 --- [main] o.s.b.SpringApplication                  : Application run failed

org.springframework.beans.factory.BeanCreationException: Error creating bean with name 'hugeClient' defined in class path resource [cn/tongdun/rule/config/HugegraphConfig.class]: Bean instantiation via factory method failed; nested exception is org.springframework.beans.BeanInstantiationException: Failed to instantiate [org.apache.hugegraph.driver.HugeClient]: Factory method 'hugeClient' threw exception; nested exception is java.lang.NoClassDefFoundError: jakarta/ws/rs/ProcessingException
	at org.springframework.beans.factory.support.ConstructorResolver.instantiate(ConstructorResolver.java:627) ~[spring-beans-5.1.6.RELEASE.jar:5.1.6.RELEASE]
	at org.springframework.beans.factory.support.ConstructorResolver.instantiateUsingFactoryMethod(ConstructorResolver.java:456) ~[spring-beans-5.1.6.RELEASE.jar:5.1.6.RELEASE]
	at org.springframework.beans.factory.support.AbstractAutowireCapableBeanFactory.instantiateUsingFactoryMethod(AbstractAutowireCapableBeanFactory.java:1321) ~[spring-beans-5.1.6.RELEASE.jar:5.1.6.RELEASE]
	at org.springframework.beans.factory.support.AbstractAutowireCapableBeanFactory.createBeanInstance(AbstractAutowireCapableBeanFactory.java:1160) ~[spring-beans-5.1.6.RELEASE.jar:5.1.6.RELEASE]
	at org.springframework.beans.factory.support.AbstractAutowireCapableBeanFactory.doCreateBean(AbstractAutowireCapableBeanFactory.java:555) ~[spring-beans-5.1.6.RELEASE.jar:5.1.6.RELEASE]
	at org.springframework.beans.factory.support.AbstractAutowireCapableBeanFactory.createBean(AbstractAutowireCapableBeanFactory.java:515) ~[spring-beans-5.1.6.RELEASE.jar:5.1.6.RELEASE]
	at org.springframework.beans.factory.support.AbstractBeanFactory.lambda$doGetBean$0(AbstractBeanFactory.java:320) ~[spring-beans-5.1.6.RELEASE.jar:5.1.6.RELEASE]
	at org.springframework.beans.factory.support.DefaultSingletonBeanRegistry.getSingleton(DefaultSingletonBeanRegistry.java:222) ~[spring-beans-5.1.6.RELEASE.jar:5.1.6.RELEASE]
	at org.springframework.beans.factory.support.AbstractBeanFactory.doGetBean(AbstractBeanFactory.java:318) ~[spring-beans-5.1.6.RELEASE.jar:5.1.6.RELEASE]
	at org.springframework.beans.factory.support.AbstractBeanFactory.getBean(AbstractBeanFactory.java:199) ~[spring-beans-5.1.6.RELEASE.jar:5.1.6.RELEASE]
	at org.springframework.beans.factory.support.DefaultListableBeanFactory.preInstantiateSingletons(DefaultListableBeanFactory.java:849) ~[spring-beans-5.1.6.RELEASE.jar:5.1.6.RELEASE]
	at org.springframework.context.support.AbstractApplicationContext.finishBeanFactoryInitialization(AbstractApplicationContext.java:877) ~[spring-context-5.1.6.RELEASE.jar:5.1.6.RELEASE]
	at org.springframework.context.support.AbstractApplicationContext.refresh(AbstractApplicationContext.java:549) ~[spring-context-5.1.6.RELEASE.jar:5.1.6.RELEASE]
	at org.springframework.boot.web.servlet.context.ServletWebServerApplicationContext.refresh(ServletWebServerApplicationContext.java:142) ~[spring-boot-2.1.4.RELEASE.jar:2.1.4.RELEASE]
	at org.springframework.boot.SpringApplication.refresh(SpringApplication.java:775) [spring-boot-2.1.4.RELEASE.jar:2.1.4.RELEASE]
	at org.springframework.boot.SpringApplication.refreshContext(SpringApplication.java:397) [spring-boot-2.1.4.RELEASE.jar:2.1.4.RELEASE]
	at org.springframework.boot.SpringApplication.run(SpringApplication.java:316) [spring-boot-2.1.4.RELEASE.jar:2.1.4.RELEASE]
	at org.springframework.boot.SpringApplication.run(SpringApplication.java:1260) [spring-boot-2.1.4.RELEASE.jar:2.1.4.RELEASE]
	at org.springframework.boot.SpringApplication.run(SpringApplication.java:1248) [spring-boot-2.1.4.RELEASE.jar:2.1.4.RELEASE]
	at cn.tongdun.rule.Application.main(Application.java:12) [classes/:?]
Caused by: org.springframework.beans.BeanInstantiationException: Failed to instantiate [org.apache.hugegraph.driver.HugeClient]: Factory method 'hugeClient' threw exception; nested exception is java.lang.NoClassDefFoundError: jakarta/ws/rs/ProcessingException
	at org.springframework.beans.factory.support.SimpleInstantiationStrategy.instantiate(SimpleInstantiationStrategy.java:185) ~[spring-beans-5.1.6.RELEASE.jar:5.1.6.RELEASE]
	at org.springframework.beans.factory.support.ConstructorResolver.instantiate(ConstructorResolver.java:622) ~[spring-beans-5.1.6.RELEASE.jar:5.1.6.RELEASE]
	... 19 more
Caused by: java.lang.NoClassDefFoundError: jakarta/ws/rs/ProcessingException
	at org.apache.hugegraph.driver.HugeClient.<init>(HugeClient.java:62) ~[hugegraph-client-1.0.0.jar:1.0.0]
	at org.apache.hugegraph.driver.HugeClientBuilder.build(HugeClientBuilder.java:62) ~[hugegraph-client-1.0.0.jar:1.0.0]
	at cn.tongdun.rule.config.HugegraphConfig.hugeClient(HugegraphConfig.java:21) ~[classes/:?]
	at cn.tongdun.rule.config.HugegraphConfig$$EnhancerBySpringCGLIB$$1cef757.CGLIB$hugeClient$0(<generated>) ~[classes/:?]
	at cn.tongdun.rule.config.HugegraphConfig$$EnhancerBySpringCGLIB$$1cef757$$FastClassBySpringCGLIB$$61054d10.invoke(<generated>) ~[classes/:?]
	at org.springframework.cglib.proxy.MethodProxy.invokeSuper(MethodProxy.java:244) ~[spring-core-5.1.6.RELEASE.jar:5.1.6.RELEASE]
	at org.springframework.context.annotation.ConfigurationClassEnhancer$BeanMethodInterceptor.intercept(ConfigurationClassEnhancer.java:363) ~[spring-context-5.1.6.RELEASE.jar:5.1.6.RELEASE]
	at cn.tongdun.rule.config.HugegraphConfig$$EnhancerBySpringCGLIB$$1cef757.hugeClient(<generated>) ~[classes/:?]
	at sun.reflect.NativeMethodAccessorImpl.invoke0(Native Method) ~[?:1.8.0_351]
	at sun.reflect.NativeMethodAccessorImpl.invoke(NativeMethodAccessorImpl.java:62) ~[?:1.8.0_351]
	at sun.reflect.DelegatingMethodAccessorImpl.invoke(DelegatingMethodAccessorImpl.java:43) ~[?:1.8.0_351]
	at java.lang.reflect.Method.invoke(Method.java:498) ~[?:1.8.0_351]
	at org.springframework.beans.factory.support.SimpleInstantiationStrategy.instantiate(SimpleInstantiationStrategy.java:154) ~[spring-beans-5.1.6.RELEASE.jar:5.1.6.RELEASE]
	at org.springframework.beans.factory.support.ConstructorResolver.instantiate(ConstructorResolver.java:622) ~[spring-beans-5.1.6.RELEASE.jar:5.1.6.RELEASE]
	... 19 more
Caused by: java.lang.ClassNotFoundException: jakarta.ws.rs.ProcessingException
	at java.net.URLClassLoader.findClass(URLClassLoader.java:387) ~[?:1.8.0_351]
	at java.lang.ClassLoader.loadClass(ClassLoader.java:418) ~[?:1.8.0_351]
	at sun.misc.Launcher$AppClassLoader.loadClass(Launcher.java:355) ~[?:1.8.0_351]
	at java.lang.ClassLoader.loadClass(ClassLoader.java:351) ~[?:1.8.0_351]
	at org.apache.hugegraph.driver.HugeClient.<init>(HugeClient.java:62) ~[hugegraph-client-1.0.0.jar:1.0.0]
	at org.apache.hugegraph.driver.HugeClientBuilder.build(HugeClientBuilder.java:62) ~[hugegraph-client-1.0.0.jar:1.0.0]
	at cn.tongdun.rule.config.HugegraphConfig.hugeClient(HugegraphConfig.java:21) ~[classes/:?]
	at cn.tongdun.rule.config.HugegraphConfig$$EnhancerBySpringCGLIB$$1cef757.CGLIB$hugeClient$0(<generated>) ~[classes/:?]
	at cn.tongdun.rule.config.HugegraphConfig$$EnhancerBySpringCGLIB$$1cef757$$FastClassBySpringCGLIB$$61054d10.invoke(<generated>) ~[classes/:?]
	at org.springframework.cglib.proxy.MethodProxy.invokeSuper(MethodProxy.java:244) ~[spring-core-5.1.6.RELEASE.jar:5.1.6.RELEASE]
	at org.springframework.context.annotation.ConfigurationClassEnhancer$BeanMethodInterceptor.intercept(ConfigurationClassEnhancer.java:363) ~[spring-context-5.1.6.RELEASE.jar:5.1.6.RELEASE]
	at cn.tongdun.rule.config.HugegraphConfig$$EnhancerBySpringCGLIB$$1cef757.hugeClient(<generated>) ~[classes/:?]
	at sun.reflect.NativeMethodAccessorImpl.invoke0(Native Method) ~[?:1.8.0_351]
	at sun.reflect.NativeMethodAccessorImpl.invoke(NativeMethodAccessorImpl.java:62) ~[?:1.8.0_351]
	at sun.reflect.DelegatingMethodAccessorImpl.invoke(DelegatingMethodAccessorImpl.java:43) ~[?:1.8.0_351]
	at java.lang.reflect.Method.invoke(Method.java:498) ~[?:1.8.0_351]
	at org.springframework.beans.factory.support.SimpleInstantiationStrategy.instantiate(SimpleInstantiationStrategy.java:154) ~[spring-beans-5.1.6.RELEASE.jar:5.1.6.RELEASE]
	at org.springframework.beans.factory.support.ConstructorResolver.instantiate(ConstructorResolver.java:622) ~[spring-beans-5.1.6.RELEASE.jar:5.1.6.RELEASE]
	... 19 more

